# JRE version: 7.0_21-b11
# Java VM: Java HotSpot(TM) Server VM (23.21-b01 mixed mode windows-x86 )
Heap
 PSYoungGen      total 64640K, used 23992K [0x395d0000, 0x40630000, 0x4c070000)
  eden space 64320K, 36% used [0x395d0000,0x3acf23e0,0x3d4a0000)
  from space 320K, 95% used [0x401d0000,0x4021c000,0x40220000)
  to   space 2624K, 0% used [0x403a0000,0x403a0000,0x40630000)
 ParOldGen       total 38272K, used 15949K [0x14070000, 0x165d0000, 0x395d0000)
  object space 38272K, 41% used [0x14070000,0x15003638,0x165d0000)
 PSPermGen       total 29952K, used 26336K [0x10070000, 0x11db0000, 0x14070000)
  object space 29952K, 87% used [0x10070000,0x11a28060,0x11db0000)
GC Heap History (10 events):
Event: 1309.983 GC heap before
{Heap before GC invocations=65 (full 18):
 PSYoungGen      total 80064K, used 80009K [0x395d0000, 0x40ca0000, 0x4c070000)
  eden space 79488K, 100% used [0x395d0000,0x3e370000,0x3e370000)
  from space 576K, 90% used [0x40c10000,0x40c924e8,0x40ca0000)
  to   space 3456K, 0% used [0x405e0000,0x405e0000,0x40940000)
 ParOldGen       total 38272K, used 14028K [0x14070000, 0x165d0000, 0x395d0000)
  object space 38272K, 36% used [0x14070000,0x14e230f8,0x165d0000)
 PSPermGen       total 29952K, used 26263K [0x10070000, 0x11db0000, 0x14070000)
  object space 29952K, 87% used [0x10070000,0x11a15e88,0x11db0000)
Event: 1309.985 GC heap after
Heap after GC invocations=65 (full 18):
 PSYoungGen      total 76416K, used 256K [0x395d0000, 0x40c20000, 0x4c070000)
  eden space 76160K, 0% used [0x395d0000,0x395d0000,0x3e030000)
  from space 256K, 100% used [0x405e0000,0x40620000,0x40620000)
  to   space 3328K, 0% used [0x408e0000,0x408e0000,0x40c20000)
 ParOldGen       total 38272K, used 14357K [0x14070000, 0x165d0000, 0x395d0000)
  object space 38272K, 37% used [0x14070000,0x14e75600,0x165d0000)
 PSPermGen       total 29952K, used 26263K [0x10070000, 0x11db0000, 0x14070000)
  object space 29952K, 87% used [0x10070000,0x11a15e88,0x11db0000)
}
Event: 1430.679 GC heap before
{Heap before GC invocations=66 (full 18):
 PSYoungGen      total 76416K, used 76416K [0x395d0000, 0x40c20000, 0x4c070000)
  eden space 76160K, 100% used [0x395d0000,0x3e030000,0x3e030000)
  from space 256K, 100% used [0x405e0000,0x40620000,0x40620000)
  to   space 3328K, 0% used [0x408e0000,0x408e0000,0x40c20000)
 ParOldGen       total 38272K, used 14357K [0x14070000, 0x165d0000, 0x395d0000)
  object space 38272K, 37% used [0x14070000,0x14e75600,0x165d0000)
 PSPermGen       total 29952K, used 26270K [0x10070000, 0x11db0000, 0x14070000)
  object space 29952K, 87% used [0x10070000,0x11a17b28,0x11db0000)
Event: 1430.687 GC heap after
Heap after GC invocations=66 (full 18):
 PSYoungGen      total 73728K, used 735K [0x395d0000, 0x409a0000, 0x4c070000)
  eden space 72960K, 0% used [0x395d0000,0x395d0000,0x3dd10000)
  from space 768K, 95% used [0x408e0000,0x40997eb0,0x409a0000)
  to   space 3072K, 0% used [0x403a0000,0x403a0000,0x406a0000)
 ParOldGen       total 38272K, used 14557K [0x14070000, 0x165d0000, 0x395d0000)
  object space 38272K, 38% used [0x14070000,0x14ea7600,0x165d0000)
 PSPermGen       total 29952K, used 26270K [0x10070000, 0x11db0000, 0x14070000)
  object space 29952K, 87% used [0x10070000,0x11a17b28,0x11db0000)
}
Event: 1455.042 GC heap before
{Heap before GC invocations=67 (full 18):
 PSYoungGen      total 73728K, used 73695K [0x395d0000, 0x409a0000, 0x4c070000)
  eden space 72960K, 100% used [0x395d0000,0x3dd10000,0x3dd10000)
  from space 768K, 95% used [0x408e0000,0x40997eb0,0x409a0000)
  to   space 3072K, 0% used [0x403a0000,0x403a0000,0x406a0000)
 ParOldGen       total 38272K, used 14557K [0x14070000, 0x165d0000, 0x395d0000)
  object space 38272K, 38% used [0x14070000,0x14ea7600,0x165d0000)
 PSPermGen       total 29952K, used 26283K [0x10070000, 0x11db0000, 0x14070000)
  object space 29952K, 87% used [0x10070000,0x11a1ae10,0x11db0000)
Event: 1455.050 GC heap after
Heap after GC invocations=67 (full 18):
 PSYoungGen      total 70720K, used 713K [0x395d0000, 0x408f0000, 0x4c070000)
  eden space 69952K, 0% used [0x395d0000,0x395d0000,0x3da20000)
  from space 768K, 92% used [0x403a0000,0x40452430,0x40460000)
  to   space 2880K, 0% used [0x40620000,0x40620000,0x408f0000)
 ParOldGen       total 38272K, used 14887K [0x14070000, 0x165d0000, 0x395d0000)
  object space 38272K, 38% used [0x14070000,0x14ef9f08,0x165d0000)
 PSPermGen       total 29952K, used 26283K [0x10070000, 0x11db0000, 0x14070000)
  object space 29952K, 87% used [0x10070000,0x11a1ae10,0x11db0000)
}
Event: 3394.946 GC heap before
{Heap before GC invocations=68 (full 18):
 PSYoungGen      total 70720K, used 70665K [0x395d0000, 0x408f0000, 0x4c070000)
  eden space 69952K, 100% used [0x395d0000,0x3da20000,0x3da20000)
  from space 768K, 92% used [0x403a0000,0x40452430,0x40460000)
  to   space 2880K, 0% used [0x40620000,0x40620000,0x408f0000)
 ParOldGen       total 38272K, used 14887K [0x14070000, 0x165d0000, 0x395d0000)
  object space 38272K, 38% used [0x14070000,0x14ef9f08,0x165d0000)
 PSPermGen       total 29952K, used 26317K [0x10070000, 0x11db0000, 0x14070000)
  object space 29952K, 87% used [0x10070000,0x11a237e0,0x11db0000)
Event: 3394.949 GC heap after
Heap after GC invocations=68 (full 18):
 PSYoungGen      total 68160K, used 1034K [0x395d0000, 0x40730000, 0x4c070000)
  eden space 67072K, 0% used [0x395d0000,0x395d0000,0x3d750000)
  from space 1088K, 95% used [0x40620000,0x40722a88,0x40730000)
  to   space 2752K, 0% used [0x401d0000,0x401d0000,0x40480000)
 ParOldGen       total 38272K, used 14959K [0x14070000, 0x165d0000, 0x395d0000)
  object space 38272K, 39% used [0x14070000,0x14f0bf08,0x165d0000)
 PSPermGen       total 29952K, used 26317K [0x10070000, 0x11db0000, 0x14070000)
  object space 29952K, 87% used [0x10070000,0x11a237e0,0x11db0000)
}
Event: 3423.935 GC heap before
{Heap before GC invocations=69 (full 18):
 PSYoungGen      total 68160K, used 68106K [0x395d0000, 0x40730000, 0x4c070000)
  eden space 67072K, 100% used [0x395d0000,0x3d750000,0x3d750000)
  from space 1088K, 95% used [0x40620000,0x40722a88,0x40730000)
  to   space 2752K, 0% used [0x401d0000,0x401d0000,0x40480000)
 ParOldGen       total 38272K, used 14959K [0x14070000, 0x165d0000, 0x395d0000)
  object space 38272K, 39% used [0x14070000,0x14f0bf08,0x165d0000)
 PSPermGen       total 29952K, used 26321K [0x10070000, 0x11db0000, 0x14070000)
  object space 29952K, 87% used [0x10070000,0x11a246f8,0x11db0000)
Event: 3423.938 GC heap after
Heap after GC invocations=69 (full 18):
 PSYoungGen      total 64640K, used 304K [0x395d0000, 0x40630000, 0x4c070000)
  eden space 64320K, 0% used [0x395d0000,0x395d0000,0x3d4a0000)
  from space 320K, 95% used [0x401d0000,0x4021c000,0x40220000)
  to   space 2624K, 0% used [0x403a0000,0x403a0000,0x40630000)
 ParOldGen       total 38272K, used 15949K [0x14070000, 0x165d0000, 0x395d0000)
  object space 38272K, 41% used [0x14070000,0x15003638,0x165d0000)
 PSPermGen       total 29952K, used 26321K [0x10070000, 0x11db0000, 0x14070000)
  object space 29952K, 87% used [0x10070000,0x11a246f8,0x11db0000)
}

