# JRE version: 7.0_21-b11
# Java VM: Java HotSpot(TM) Server VM (23.21-b01 mixed mode windows-x86 )
Heap
 PSYoungGen      total 121088K, used 20175K [0x395d0000, 0x48670000, 0x4c070000)
  eden space 114688K, 12% used [0x395d0000,0x3a344ce8,0x405d0000)
  from space 6400K, 99% used [0x405d0000,0x40c0efa0,0x40c10000)
  to   space 8512K, 0% used [0x47e20000,0x47e20000,0x48670000)
 ParOldGen       total 38272K, used 9973K [0x14070000, 0x165d0000, 0x395d0000)
  object space 38272K, 26% used [0x14070000,0x14a2d7f0,0x165d0000)
 PSPermGen       total 23552K, used 23511K [0x10070000, 0x11770000, 0x14070000)
  object space 23552K, 99% used [0x10070000,0x11765cb0,0x11770000)
GC Heap History (10 events):
Event: 2.344 GC heap before
{Heap before GC invocations=3 (full 0):
 PSYoungGen      total 31040K, used 31026K [0x395d0000, 0x3b670000, 0x4c070000)
  eden space 28672K, 100% used [0x395d0000,0x3b1d0000,0x3b1d0000)
  from space 2368K, 99% used [0x3b420000,0x3b66ca98,0x3b670000)
  to   space 2368K, 0% used [0x3b1d0000,0x3b1d0000,0x3b420000)
 ParOldGen       total 38272K, used 420K [0x14070000, 0x165d0000, 0x395d0000)
  object space 38272K, 1% used [0x14070000,0x140d9010,0x165d0000)
 PSPermGen       total 16384K, used 10110K [0x10070000, 0x11070000, 0x14070000)
  object space 16384K, 61% used [0x10070000,0x10a4f970,0x11070000)
Event: 2.356 GC heap after
Heap after GC invocations=3 (full 0):
 PSYoungGen      total 31040K, used 2362K [0x395d0000, 0x3d270000, 0x4c070000)
  eden space 28672K, 0% used [0x395d0000,0x395d0000,0x3b1d0000)
  from space 2368K, 99% used [0x3b1d0000,0x3b41ea78,0x3b420000)
  to   space 2368K, 0% used [0x3d020000,0x3d020000,0x3d270000)
 ParOldGen       total 38272K, used 1522K [0x14070000, 0x165d0000, 0x395d0000)
  object space 38272K, 3% used [0x14070000,0x141ecaf0,0x165d0000)
 PSPermGen       total 16384K, used 10110K [0x10070000, 0x11070000, 0x14070000)
  object space 16384K, 61% used [0x10070000,0x10a4f970,0x11070000)
}
Event: 3.208 GC heap before
{Heap before GC invocations=4 (full 0):
 PSYoungGen      total 31040K, used 31034K [0x395d0000, 0x3d270000, 0x4c070000)
  eden space 28672K, 100% used [0x395d0000,0x3b1d0000,0x3b1d0000)
  from space 2368K, 99% used [0x3b1d0000,0x3b41ea78,0x3b420000)
  to   space 2368K, 0% used [0x3d020000,0x3d020000,0x3d270000)
 ParOldGen       total 38272K, used 1522K [0x14070000, 0x165d0000, 0x395d0000)
  object space 38272K, 3% used [0x14070000,0x141ecaf0,0x165d0000)
 PSPermGen       total 16384K, used 15270K [0x10070000, 0x11070000, 0x14070000)
  object space 16384K, 93% used [0x10070000,0x10f59948,0x11070000)
Event: 3.221 GC heap after
Heap after GC invocations=4 (full 0):
 PSYoungGen      total 59712K, used 2366K [0x395d0000, 0x3d270000, 0x4c070000)
  eden space 57344K, 0% used [0x395d0000,0x395d0000,0x3cdd0000)
  from space 2368K, 99% used [0x3d020000,0x3d26f8e0,0x3d270000)
  to   space 2368K, 0% used [0x3cdd0000,0x3cdd0000,0x3d020000)
 ParOldGen       total 38272K, used 4213K [0x14070000, 0x165d0000, 0x395d0000)
  object space 38272K, 11% used [0x14070000,0x1448d780,0x165d0000)
 PSPermGen       total 16384K, used 15270K [0x10070000, 0x11070000, 0x14070000)
  object space 16384K, 93% used [0x10070000,0x10f59948,0x11070000)
}
Event: 3.879 GC heap before
{Heap before GC invocations=5 (full 0):
 PSYoungGen      total 59712K, used 59710K [0x395d0000, 0x3d270000, 0x4c070000)
  eden space 57344K, 100% used [0x395d0000,0x3cdd0000,0x3cdd0000)
  from space 2368K, 99% used [0x3d020000,0x3d26f8e0,0x3d270000)
  to   space 2368K, 0% used [0x3cdd0000,0x3cdd0000,0x3d020000)
 ParOldGen       total 38272K, used 4213K [0x14070000, 0x165d0000, 0x395d0000)
  object space 38272K, 11% used [0x14070000,0x1448d780,0x165d0000)
 PSPermGen       total 19584K, used 19468K [0x10070000, 0x11390000, 0x14070000)
  object space 19584K, 99% used [0x10070000,0x11373298,0x11390000)
Event: 3.889 GC heap after
Heap after GC invocations=5 (full 0):
 PSYoungGen      total 59712K, used 2360K [0x395d0000, 0x412f0000, 0x4c070000)
  eden space 57344K, 0% used [0x395d0000,0x395d0000,0x3cdd0000)
  from space 2368K, 99% used [0x3cdd0000,0x3d01e050,0x3d020000)
  to   space 6720K, 0% used [0x40c60000,0x40c60000,0x412f0000)
 ParOldGen       total 38272K, used 7601K [0x14070000, 0x165d0000, 0x395d0000)
  object space 38272K, 19% used [0x14070000,0x147dc6b0,0x165d0000)
 PSPermGen       total 19584K, used 19468K [0x10070000, 0x11390000, 0x14070000)
  object space 19584K, 99% used [0x10070000,0x11373298,0x11390000)
}
Event: 4.326 GC heap before
{Heap before GC invocations=6 (full 0):
 PSYoungGen      total 59712K, used 59704K [0x395d0000, 0x412f0000, 0x4c070000)
  eden space 57344K, 100% used [0x395d0000,0x3cdd0000,0x3cdd0000)
  from space 2368K, 99% used [0x3cdd0000,0x3d01e050,0x3d020000)
  to   space 6720K, 0% used [0x40c60000,0x40c60000,0x412f0000)
 ParOldGen       total 38272K, used 7601K [0x14070000, 0x165d0000, 0x395d0000)
  object space 38272K, 19% used [0x14070000,0x147dc6b0,0x165d0000)
 PSPermGen       total 20992K, used 20931K [0x10070000, 0x114f0000, 0x14070000)
  object space 20992K, 99% used [0x10070000,0x114e0d50,0x114f0000)
Event: 4.351 GC heap after
Heap after GC invocations=6 (full 0):
 PSYoungGen      total 120768K, used 3416K [0x395d0000, 0x41250000, 0x4c070000)
  eden space 114688K, 0% used [0x395d0000,0x395d0000,0x405d0000)
  from space 6080K, 56% used [0x40c60000,0x40fb6080,0x41250000)
  to   space 6400K, 0% used [0x405d0000,0x405d0000,0x40c10000)
 ParOldGen       total 38272K, used 7605K [0x14070000, 0x165d0000, 0x395d0000)
  object space 38272K, 19% used [0x14070000,0x147dd6b0,0x165d0000)
 PSPermGen       total 20992K, used 20931K [0x10070000, 0x114f0000, 0x14070000)
  object space 20992K, 99% used [0x10070000,0x114e0d50,0x114f0000)
}
Event: 22.745 GC heap before
{Heap before GC invocations=7 (full 0):
 PSYoungGen      total 120768K, used 118104K [0x395d0000, 0x41250000, 0x4c070000)
  eden space 114688K, 100% used [0x395d0000,0x405d0000,0x405d0000)
  from space 6080K, 56% used [0x40c60000,0x40fb6080,0x41250000)
  to   space 6400K, 0% used [0x405d0000,0x405d0000,0x40c10000)
 ParOldGen       total 38272K, used 7605K [0x14070000, 0x165d0000, 0x395d0000)
  object space 38272K, 19% used [0x14070000,0x147dd6b0,0x165d0000)
 PSPermGen       total 23552K, used 23454K [0x10070000, 0x11770000, 0x14070000)
  object space 23552K, 99% used [0x10070000,0x11757be8,0x11770000)
Event: 22.759 GC heap after
Heap after GC invocations=7 (full 0):
 PSYoungGen      total 121088K, used 6395K [0x395d0000, 0x48670000, 0x4c070000)
  eden space 114688K, 0% used [0x395d0000,0x395d0000,0x405d0000)
  from space 6400K, 99% used [0x405d0000,0x40c0efa0,0x40c10000)
  to   space 8512K, 0% used [0x47e20000,0x47e20000,0x48670000)
 ParOldGen       total 38272K, used 9973K [0x14070000, 0x165d0000, 0x395d0000)
  object space 38272K, 26% used [0x14070000,0x14a2d7f0,0x165d0000)
 PSPermGen       total 23552K, used 23454K [0x10070000, 0x11770000, 0x14070000)
  object space 23552K, 99% used [0x10070000,0x11757be8,0x11770000)
}

